2022-02-24 15:43:35.964 -07:00 [INF] Now listening on: https://localhost:5001
2022-02-24 15:43:35.987 -07:00 [INF] Now listening on: http://localhost:5000
2022-02-24 15:43:35.988 -07:00 [INF] Application started. Press Ctrl+C to shut down.
2022-02-24 15:43:35.989 -07:00 [INF] Hosting environment: Development
2022-02-24 15:43:35.989 -07:00 [INF] Content root path: C:\git\dotprom-demo\peopleapi
2022-02-24 15:43:38.040 -07:00 [INF] Request starting HTTP/1.1 GET http://localhost:5000/  
2022-02-24 15:43:38.061 -07:00 [INF] Executing endpoint 'peopleapi.Controllers.PeopleController.Get (peopleapi)'
2022-02-24 15:43:38.085 -07:00 [INF] Route matched with {action = "Get", controller = "People"}. Executing controller action with signature System.Threading.Tasks.Task`1[Microsoft.AspNetCore.Mvc.ActionResult`1[System.Collections.Generic.IEnumerable`1[peopleapi.Models.People]]] Get() on controller peopleapi.Controllers.PeopleController (peopleapi).
2022-02-24 15:43:38.090 -07:00 [INF] Executing ObjectResult, writing value of type 'System.Collections.Generic.List`1[[peopleapi.Models.People, peopleapi, Version=1.0.0.0, Culture=neutral, PublicKeyToken=null]]'.
2022-02-24 15:43:38.100 -07:00 [INF] Executed action peopleapi.Controllers.PeopleController.Get (peopleapi) in 11.1045ms
2022-02-24 15:43:38.102 -07:00 [INF] Executed endpoint 'peopleapi.Controllers.PeopleController.Get (peopleapi)'
2022-02-24 15:43:38.107 -07:00 [INF] Request finished in 68.1512ms 200 application/json; charset=utf-8
2022-02-24 15:43:39.053 -07:00 [INF] Request starting HTTP/1.1 GET http://localhost:5000/  
2022-02-24 15:43:39.054 -07:00 [INF] Executing endpoint 'peopleapi.Controllers.PeopleController.Get (peopleapi)'
2022-02-24 15:43:39.055 -07:00 [INF] Route matched with {action = "Get", controller = "People"}. Executing controller action with signature System.Threading.Tasks.Task`1[Microsoft.AspNetCore.Mvc.ActionResult`1[System.Collections.Generic.IEnumerable`1[peopleapi.Models.People]]] Get() on controller peopleapi.Controllers.PeopleController (peopleapi).
2022-02-24 15:43:39.057 -07:00 [INF] Executing ObjectResult, writing value of type 'System.Collections.Generic.List`1[[peopleapi.Models.People, peopleapi, Version=1.0.0.0, Culture=neutral, PublicKeyToken=null]]'.
2022-02-24 15:43:39.058 -07:00 [INF] Executed action peopleapi.Controllers.PeopleController.Get (peopleapi) in 1.7385ms
2022-02-24 15:43:39.059 -07:00 [INF] Executed endpoint 'peopleapi.Controllers.PeopleController.Get (peopleapi)'
2022-02-24 15:43:39.060 -07:00 [INF] Request finished in 7.2386ms 200 application/json; charset=utf-8
2022-02-24 15:43:39.210 -07:00 [INF] Request starting HTTP/1.1 GET http://localhost:5000/  
2022-02-24 15:43:39.211 -07:00 [INF] Executing endpoint 'peopleapi.Controllers.PeopleController.Get (peopleapi)'
2022-02-24 15:43:39.212 -07:00 [INF] Route matched with {action = "Get", controller = "People"}. Executing controller action with signature System.Threading.Tasks.Task`1[Microsoft.AspNetCore.Mvc.ActionResult`1[System.Collections.Generic.IEnumerable`1[peopleapi.Models.People]]] Get() on controller peopleapi.Controllers.PeopleController (peopleapi).
2022-02-24 15:43:39.213 -07:00 [INF] Executing ObjectResult, writing value of type 'System.Collections.Generic.List`1[[peopleapi.Models.People, peopleapi, Version=1.0.0.0, Culture=neutral, PublicKeyToken=null]]'.
2022-02-24 15:43:39.214 -07:00 [INF] Executed action peopleapi.Controllers.PeopleController.Get (peopleapi) in 1.1131ms
2022-02-24 15:43:39.215 -07:00 [INF] Executed endpoint 'peopleapi.Controllers.PeopleController.Get (peopleapi)'
2022-02-24 15:43:39.216 -07:00 [INF] Request finished in 5.2308ms 200 application/json; charset=utf-8
2022-02-24 15:43:39.367 -07:00 [INF] Request starting HTTP/1.1 GET http://localhost:5000/  
2022-02-24 15:43:39.367 -07:00 [INF] Executing endpoint 'peopleapi.Controllers.PeopleController.Get (peopleapi)'
2022-02-24 15:43:39.368 -07:00 [INF] Route matched with {action = "Get", controller = "People"}. Executing controller action with signature System.Threading.Tasks.Task`1[Microsoft.AspNetCore.Mvc.ActionResult`1[System.Collections.Generic.IEnumerable`1[peopleapi.Models.People]]] Get() on controller peopleapi.Controllers.PeopleController (peopleapi).
2022-02-24 15:43:39.369 -07:00 [INF] Executing ObjectResult, writing value of type 'System.Collections.Generic.List`1[[peopleapi.Models.People, peopleapi, Version=1.0.0.0, Culture=neutral, PublicKeyToken=null]]'.
2022-02-24 15:43:39.370 -07:00 [INF] Executed action peopleapi.Controllers.PeopleController.Get (peopleapi) in 0.8586ms
2022-02-24 15:43:39.371 -07:00 [INF] Executed endpoint 'peopleapi.Controllers.PeopleController.Get (peopleapi)'
2022-02-24 15:43:39.372 -07:00 [INF] Request finished in 5.1574ms 200 application/json; charset=utf-8
2022-02-24 15:43:39.531 -07:00 [INF] Request starting HTTP/1.1 GET http://localhost:5000/  
2022-02-24 15:43:39.532 -07:00 [INF] Executing endpoint 'peopleapi.Controllers.PeopleController.Get (peopleapi)'
2022-02-24 15:43:39.533 -07:00 [INF] Route matched with {action = "Get", controller = "People"}. Executing controller action with signature System.Threading.Tasks.Task`1[Microsoft.AspNetCore.Mvc.ActionResult`1[System.Collections.Generic.IEnumerable`1[peopleapi.Models.People]]] Get() on controller peopleapi.Controllers.PeopleController (peopleapi).
2022-02-24 15:43:39.535 -07:00 [INF] Executing ObjectResult, writing value of type 'System.Collections.Generic.List`1[[peopleapi.Models.People, peopleapi, Version=1.0.0.0, Culture=neutral, PublicKeyToken=null]]'.
2022-02-24 15:43:39.536 -07:00 [INF] Executed action peopleapi.Controllers.PeopleController.Get (peopleapi) in 1.5924ms
2022-02-24 15:43:39.537 -07:00 [INF] Executed endpoint 'peopleapi.Controllers.PeopleController.Get (peopleapi)'
2022-02-24 15:43:39.538 -07:00 [INF] Request finished in 7.2558ms 200 application/json; charset=utf-8
2022-02-24 15:43:39.694 -07:00 [INF] Request starting HTTP/1.1 GET http://localhost:5000/  
2022-02-24 15:43:39.695 -07:00 [INF] Executing endpoint 'peopleapi.Controllers.PeopleController.Get (peopleapi)'
2022-02-24 15:43:39.695 -07:00 [INF] Route matched with {action = "Get", controller = "People"}. Executing controller action with signature System.Threading.Tasks.Task`1[Microsoft.AspNetCore.Mvc.ActionResult`1[System.Collections.Generic.IEnumerable`1[peopleapi.Models.People]]] Get() on controller peopleapi.Controllers.PeopleController (peopleapi).
2022-02-24 15:43:39.697 -07:00 [INF] Executing ObjectResult, writing value of type 'System.Collections.Generic.List`1[[peopleapi.Models.People, peopleapi, Version=1.0.0.0, Culture=neutral, PublicKeyToken=null]]'.
2022-02-24 15:43:39.698 -07:00 [INF] Executed action peopleapi.Controllers.PeopleController.Get (peopleapi) in 1.2092ms
2022-02-24 15:43:39.699 -07:00 [INF] Executed endpoint 'peopleapi.Controllers.PeopleController.Get (peopleapi)'
2022-02-24 15:43:39.699 -07:00 [INF] Request finished in 5.9088ms 200 application/json; charset=utf-8
2022-02-24 15:43:43.045 -07:00 [INF] Request starting HTTP/1.1 POST http://localhost:5000/delay/10000 application/x-www-form-urlencoded 0
2022-02-24 15:43:43.047 -07:00 [INF] Executing endpoint 'peopleapi.Controllers.DelayController.Post (peopleapi)'
2022-02-24 15:43:43.053 -07:00 [INF] Route matched with {action = "Post", controller = "Delay"}. Executing controller action with signature Microsoft.AspNetCore.Mvc.ActionResult`1[System.Double] Post(Int32) on controller peopleapi.Controllers.DelayController (peopleapi).
2022-02-24 15:43:43.060 -07:00 [INF] Executing ObjectResult, writing value of type 'System.Double'.
2022-02-24 15:43:43.062 -07:00 [INF] Executed action peopleapi.Controllers.DelayController.Post (peopleapi) in 7.4946ms
2022-02-24 15:43:43.063 -07:00 [INF] Executed endpoint 'peopleapi.Controllers.DelayController.Post (peopleapi)'
2022-02-24 15:43:43.064 -07:00 [INF] Request finished in 18.2885ms 200 application/json; charset=utf-8
2022-02-24 15:43:44.456 -07:00 [INF] Request starting HTTP/1.1 GET http://localhost:5000/  
2022-02-24 15:43:44.457 -07:00 [INF] Executing endpoint 'peopleapi.Controllers.PeopleController.Get (peopleapi)'
2022-02-24 15:43:44.458 -07:00 [INF] Route matched with {action = "Get", controller = "People"}. Executing controller action with signature System.Threading.Tasks.Task`1[Microsoft.AspNetCore.Mvc.ActionResult`1[System.Collections.Generic.IEnumerable`1[peopleapi.Models.People]]] Get() on controller peopleapi.Controllers.PeopleController (peopleapi).
2022-02-24 15:43:54.466 -07:00 [INF] Executing ObjectResult, writing value of type 'System.Collections.Generic.List`1[[peopleapi.Models.People, peopleapi, Version=1.0.0.0, Culture=neutral, PublicKeyToken=null]]'.
2022-02-24 15:43:54.467 -07:00 [INF] Executed action peopleapi.Controllers.PeopleController.Get (peopleapi) in 10007.7965ms
2022-02-24 15:43:54.468 -07:00 [INF] Executed endpoint 'peopleapi.Controllers.PeopleController.Get (peopleapi)'
2022-02-24 15:43:54.470 -07:00 [INF] Request finished in 10013.9872ms 200 application/json; charset=utf-8
2022-02-24 15:44:08.544 -07:00 [INF] Request starting HTTP/1.1 GET http://localhost:5000/metrics  
2022-02-24 15:44:08.567 -07:00 [INF] Request finished in 22.9198ms 200 text/plain; version=0.0.4; charset=utf-8
2022-02-24 15:56:43.837 -07:00 [INF] Application is shutting down...
